<?xml version="1.0" encoding="UTF-8"?>
<testng-results ignored="8" total="13" passed="5" failed="0" skipped="0">
  <reporter-output>
    <line>
      <![CDATA[Admin Dashboard displyed]]>
    </line>
    <line>
      <![CDATA[Add Doctor Page verified successfully]]>
    </line>
    <line>
      <![CDATA[Doctor Added successfully]]>
    </line>
    <line>
      <![CDATA[Admin Dashboard displyed]]>
    </line>
    <line>
      <![CDATA[Manage Doctors Page verified successfully]]>
    </line>
    <line>
      <![CDATA[Doctor Updated successfully]]>
    </line>
    <line>
      <![CDATA[Admin Dashboard displyed]]>
    </line>
    <line>
      <![CDATA[add doctor specialization page displyed]]>
    </line>
    <line>
      <![CDATA[Doctor Specialization Added Successfully]]>
    </line>
    <line>
      <![CDATA[Add Doctor Page Verified successfully]]>
    </line>
    <line>
      <![CDATA[Doctor added successfully]]>
    </line>
    <line>
      <![CDATA[Patient dashboard displyed]]>
    </line>
    <line>
      <![CDATA[Book Appointment Page displyed]]>
    </line>
    <line>
      <![CDATA[Appointmnet Booked Withrespect to the Created Specialization]]>
    </line>
    <line>
      <![CDATA[Doctor Verified]]>
    </line>
    <line>
      <![CDATA[Patient Verified]]>
    </line>
    <line>
      <![CDATA[doctor created and booked appointment as patient and achecked in admin login]]>
    </line>
    <line>
      <![CDATA[Admin Dashboard displyed]]>
    </line>
    <line>
      <![CDATA[add doctor specialization page displyed]]>
    </line>
    <line>
      <![CDATA[Doctor Specialization Added Successfully]]>
    </line>
    <line>
      <![CDATA[Add Doctor Page Verified successfully]]>
    </line>
    <line>
      <![CDATA[Doctor added successfully]]>
    </line>
    <line>
      <![CDATA[Patient dashboard displyed]]>
    </line>
    <line>
      <![CDATA[Book Appointment Page displyed]]>
    </line>
    <line>
      <![CDATA[Appointmnet Booked Withrespect to the Created Specialization]]>
    </line>
    <line>
      <![CDATA[admin dashboard verified successfully]]>
    </line>
    <line>
      <![CDATA[Add Doctor specialization Page  verified successfully]]>
    </line>
    <line>
      <![CDATA[Doctor Specialization added successfully]]>
    </line>
    <line>
      <![CDATA[ Add Doctor Page Verified successfully]]>
    </line>
    <line>
      <![CDATA[Doctor added successfully]]>
    </line>
  </reporter-output>
  <suite started-at="2024-06-19T07:11:36Z" name="Suite" finished-at="2024-06-19T07:12:09Z" duration-ms="32782">
    <groups>
      <group name="regressionTest">
        <method signature="CreatingDcotorWithRespectToPatientAndAdminTest.creating_Dcotor_WithRespectTo_Patient_And_AdminTest()[pri:0, instance:com.comcast.hsm.integration.CreatingDcotorWithRespectToPatientAndAdminTest@7b420819]" name="creating_Dcotor_WithRespectTo_Patient_And_AdminTest" class="com.comcast.hsm.integration.CreatingDcotorWithRespectToPatientAndAdminTest"/>
        <method signature="CreatingDoctorWithNewSpecializationTest.creating_Dcotor_With_New_Specialization_Test()[pri:0, instance:com.comcast.hsm.integration.CreatingDoctorWithNewSpecializationTest@265adfad]" name="creating_Dcotor_With_New_Specialization_Test" class="com.comcast.hsm.integration.CreatingDoctorWithNewSpecializationTest"/>
        <method signature="CreatingNewDoctorTest.creatinga_NewDcotor_Test()[pri:0, instance:com.comcast.hsm.AdminLogin.CreatingNewDoctorTest@3adcc812]" name="creatinga_NewDcotor_Test" class="com.comcast.hsm.AdminLogin.CreatingNewDoctorTest"/>
        <method signature="UpdatingTheDoctorTest.updating_TheDoctor_Test()[pri:0, instance:com.comcast.hsm.AdminLogin.UpdatingTheDoctorTest@35432107]" name="updating_TheDoctor_Test" class="com.comcast.hsm.AdminLogin.UpdatingTheDoctorTest"/>
      </group> <!-- regressionTest -->
      <group name="smokeTest">
        <method signature="CreatingDcotorWithRespectToPatientAndAdminTest.creating_Dcotor_WithRespectTo_Patient_And_AdminTest()[pri:0, instance:com.comcast.hsm.integration.CreatingDcotorWithRespectToPatientAndAdminTest@7b420819]" name="creating_Dcotor_WithRespectTo_Patient_And_AdminTest" class="com.comcast.hsm.integration.CreatingDcotorWithRespectToPatientAndAdminTest"/>
        <method signature="CreatingDoctorWithNewSpecializationTest.creating_Dcotor_With_New_Specialization_Test()[pri:0, instance:com.comcast.hsm.integration.CreatingDoctorWithNewSpecializationTest@265adfad]" name="creating_Dcotor_With_New_Specialization_Test" class="com.comcast.hsm.integration.CreatingDoctorWithNewSpecializationTest"/>
        <method signature="CreatingNewDoctorTest.creatinga_NewDcotor_Test()[pri:0, instance:com.comcast.hsm.AdminLogin.CreatingNewDoctorTest@3adcc812]" name="creatinga_NewDcotor_Test" class="com.comcast.hsm.AdminLogin.CreatingNewDoctorTest"/>
        <method signature="UpdatingTheDoctorTest.updating_TheDoctor_Test()[pri:0, instance:com.comcast.hsm.AdminLogin.UpdatingTheDoctorTest@35432107]" name="updating_TheDoctor_Test" class="com.comcast.hsm.AdminLogin.UpdatingTheDoctorTest"/>
      </group> <!-- smokeTest -->
    </groups>
    <test started-at="2024-06-19T07:11:36Z" name="Batch_Execution" finished-at="2024-06-19T07:12:09Z" duration-ms="32782">
      <class name="com.comcast.hsm.integration.CreatingDcotorWithRespectToPatientAndAdminTest">
        <test-method is-config="true" signature="configBC()[pri:0, instance:com.comcast.hsm.integration.CreatingDcotorWithRespectToPatientAndAdminTest@7b420819]" started-at="2024-06-19T07:11:46Z" name="configBC" finished-at="2024-06-19T07:11:47Z" duration-ms="745" status="PASS">
          <reporter-output>
          </reporter-output>
        </test-method> <!-- configBC -->
        <test-method is-config="true" signature="configBM()[pri:0, instance:com.comcast.hsm.integration.CreatingDcotorWithRespectToPatientAndAdminTest@7b420819]" started-at="2024-06-19T07:11:47Z" name="configBM" finished-at="2024-06-19T07:11:48Z" duration-ms="1239" status="PASS">
          <reporter-output>
          </reporter-output>
        </test-method> <!-- configBM -->
        <test-method signature="creating_Dcotor_WithRespectTo_Patient_And_AdminTest()[pri:0, instance:com.comcast.hsm.integration.CreatingDcotorWithRespectToPatientAndAdminTest@7b420819]" started-at="2024-06-19T07:11:48Z" name="creating_Dcotor_WithRespectTo_Patient_And_AdminTest" finished-at="2024-06-19T07:11:55Z" duration-ms="6661" status="PASS">
          <reporter-output>
            <line>
              <![CDATA[Admin Dashboard displyed]]>
            </line>
            <line>
              <![CDATA[add doctor specialization page displyed]]>
            </line>
            <line>
              <![CDATA[Doctor Specialization Added Successfully]]>
            </line>
            <line>
              <![CDATA[Add Doctor Page Verified successfully]]>
            </line>
            <line>
              <![CDATA[Doctor added successfully]]>
            </line>
            <line>
              <![CDATA[Patient dashboard displyed]]>
            </line>
            <line>
              <![CDATA[Book Appointment Page displyed]]>
            </line>
            <line>
              <![CDATA[Appointmnet Booked Withrespect to the Created Specialization]]>
            </line>
            <line>
              <![CDATA[Doctor Verified]]>
            </line>
            <line>
              <![CDATA[Patient Verified]]>
            </line>
            <line>
              <![CDATA[doctor created and booked appointment as patient and achecked in admin login]]>
            </line>
          </reporter-output>
        </test-method> <!-- creating_Dcotor_WithRespectTo_Patient_And_AdminTest -->
        <test-method is-config="true" signature="configAM()[pri:0, instance:com.comcast.hsm.integration.CreatingDcotorWithRespectToPatientAndAdminTest@7b420819]" started-at="2024-06-19T07:11:55Z" name="configAM" finished-at="2024-06-19T07:11:55Z" duration-ms="256" status="PASS">
          <reporter-output>
          </reporter-output>
        </test-method> <!-- configAM -->
        <test-method is-config="true" signature="configAC()[pri:0, instance:com.comcast.hsm.integration.CreatingDcotorWithRespectToPatientAndAdminTest@7b420819]" started-at="2024-06-19T07:11:55Z" name="configAC" finished-at="2024-06-19T07:11:56Z" duration-ms="362" status="PASS">
          <reporter-output>
          </reporter-output>
        </test-method> <!-- configAC -->
      </class> <!-- com.comcast.hsm.integration.CreatingDcotorWithRespectToPatientAndAdminTest -->
      <class name="com.comcast.hsm.AdminLogin.CreatingNewDoctorTest">
        <test-method is-config="true" signature="configBS()[pri:0, instance:com.comcast.hsm.AdminLogin.CreatingNewDoctorTest@3adcc812]" started-at="2024-06-19T07:11:36Z" name="configBS" finished-at="2024-06-19T07:11:36Z" duration-ms="41" status="PASS">
          <reporter-output>
          </reporter-output>
        </test-method> <!-- configBS -->
        <test-method is-config="true" signature="configBC()[pri:0, instance:com.comcast.hsm.AdminLogin.CreatingNewDoctorTest@3adcc812]" started-at="2024-06-19T07:11:36Z" name="configBC" finished-at="2024-06-19T07:11:38Z" duration-ms="1799" status="PASS">
          <reporter-output>
          </reporter-output>
        </test-method> <!-- configBC -->
        <test-method is-config="true" signature="configBM()[pri:0, instance:com.comcast.hsm.AdminLogin.CreatingNewDoctorTest@3adcc812]" started-at="2024-06-19T07:11:38Z" name="configBM" finished-at="2024-06-19T07:11:39Z" duration-ms="1348" status="PASS">
          <reporter-output>
          </reporter-output>
        </test-method> <!-- configBM -->
        <test-method signature="creatinga_NewDcotor_Test()[pri:0, instance:com.comcast.hsm.AdminLogin.CreatingNewDoctorTest@3adcc812]" started-at="2024-06-19T07:11:39Z" name="creatinga_NewDcotor_Test" finished-at="2024-06-19T07:11:42Z" duration-ms="2342" status="PASS">
          <reporter-output>
            <line>
              <![CDATA[Admin Dashboard displyed]]>
            </line>
            <line>
              <![CDATA[Add Doctor Page verified successfully]]>
            </line>
            <line>
              <![CDATA[Doctor Added successfully]]>
            </line>
          </reporter-output>
        </test-method> <!-- creatinga_NewDcotor_Test -->
        <test-method is-config="true" signature="configAM()[pri:0, instance:com.comcast.hsm.AdminLogin.CreatingNewDoctorTest@3adcc812]" started-at="2024-06-19T07:11:42Z" name="configAM" finished-at="2024-06-19T07:11:42Z" duration-ms="409" status="PASS">
          <reporter-output>
          </reporter-output>
        </test-method> <!-- configAM -->
        <test-method is-config="true" signature="configAC()[pri:0, instance:com.comcast.hsm.AdminLogin.CreatingNewDoctorTest@3adcc812]" started-at="2024-06-19T07:11:42Z" name="configAC" finished-at="2024-06-19T07:11:43Z" duration-ms="432" status="PASS">
          <reporter-output>
          </reporter-output>
        </test-method> <!-- configAC -->
        <test-method is-config="true" signature="configAS()[pri:0, instance:com.comcast.hsm.AdminLogin.CreatingNewDoctorTest@3adcc812]" started-at="2024-06-19T07:12:09Z" name="configAS" finished-at="2024-06-19T07:12:09Z" duration-ms="0" status="PASS">
          <reporter-output>
          </reporter-output>
        </test-method> <!-- configAS -->
      </class> <!-- com.comcast.hsm.AdminLogin.CreatingNewDoctorTest -->
      <class name="com.comcast.hsm.integration.CreatingSplWithPatientTest">
        <test-method is-config="true" signature="configBC()[pri:0, instance:com.comcast.hsm.integration.CreatingSplWithPatientTest@7a1a14a4]" started-at="2024-06-19T07:11:56Z" name="configBC" finished-at="2024-06-19T07:11:57Z" duration-ms="911" status="PASS">
          <reporter-output>
          </reporter-output>
        </test-method> <!-- configBC -->
        <test-method is-config="true" signature="configBM()[pri:0, instance:com.comcast.hsm.integration.CreatingSplWithPatientTest@7a1a14a4]" started-at="2024-06-19T07:11:57Z" name="configBM" finished-at="2024-06-19T07:11:58Z" duration-ms="1204" status="PASS">
          <reporter-output>
          </reporter-output>
        </test-method> <!-- configBM -->
        <test-method signature="creating_Spl_Withrespect_To_Patient_Test()[pri:0, instance:com.comcast.hsm.integration.CreatingSplWithPatientTest@7a1a14a4]" started-at="2024-06-19T07:11:58Z" name="creating_Spl_Withrespect_To_Patient_Test" finished-at="2024-06-19T07:12:03Z" duration-ms="5020" status="PASS">
          <reporter-output>
            <line>
              <![CDATA[Admin Dashboard displyed]]>
            </line>
            <line>
              <![CDATA[add doctor specialization page displyed]]>
            </line>
            <line>
              <![CDATA[Doctor Specialization Added Successfully]]>
            </line>
            <line>
              <![CDATA[Add Doctor Page Verified successfully]]>
            </line>
            <line>
              <![CDATA[Doctor added successfully]]>
            </line>
            <line>
              <![CDATA[Patient dashboard displyed]]>
            </line>
            <line>
              <![CDATA[Book Appointment Page displyed]]>
            </line>
            <line>
              <![CDATA[Appointmnet Booked Withrespect to the Created Specialization]]>
            </line>
          </reporter-output>
        </test-method> <!-- creating_Spl_Withrespect_To_Patient_Test -->
        <test-method is-config="true" signature="configAM()[pri:0, instance:com.comcast.hsm.integration.CreatingSplWithPatientTest@7a1a14a4]" started-at="2024-06-19T07:12:03Z" name="configAM" finished-at="2024-06-19T07:12:03Z" duration-ms="299" status="PASS">
          <reporter-output>
          </reporter-output>
        </test-method> <!-- configAM -->
        <test-method is-config="true" signature="configAC()[pri:0, instance:com.comcast.hsm.integration.CreatingSplWithPatientTest@7a1a14a4]" started-at="2024-06-19T07:12:03Z" name="configAC" finished-at="2024-06-19T07:12:04Z" duration-ms="397" status="PASS">
          <reporter-output>
          </reporter-output>
        </test-method> <!-- configAC -->
      </class> <!-- com.comcast.hsm.integration.CreatingSplWithPatientTest -->
      <class name="com.comcast.hsm.AdminLogin.UpdatingTheDoctorTest">
        <test-method is-config="true" signature="configBC()[pri:0, instance:com.comcast.hsm.AdminLogin.UpdatingTheDoctorTest@35432107]" started-at="2024-06-19T07:11:43Z" name="configBC" finished-at="2024-06-19T07:11:43Z" duration-ms="797" status="PASS">
          <reporter-output>
          </reporter-output>
        </test-method> <!-- configBC -->
        <test-method is-config="true" signature="configBM()[pri:0, instance:com.comcast.hsm.AdminLogin.UpdatingTheDoctorTest@35432107]" started-at="2024-06-19T07:11:43Z" name="configBM" finished-at="2024-06-19T07:11:45Z" duration-ms="1303" status="PASS">
          <reporter-output>
          </reporter-output>
        </test-method> <!-- configBM -->
        <test-method signature="updating_TheDoctor_Test()[pri:0, instance:com.comcast.hsm.AdminLogin.UpdatingTheDoctorTest@35432107]" started-at="2024-06-19T07:11:45Z" name="updating_TheDoctor_Test" finished-at="2024-06-19T07:11:46Z" duration-ms="1066" status="PASS">
          <reporter-output>
            <line>
              <![CDATA[Admin Dashboard displyed]]>
            </line>
            <line>
              <![CDATA[Manage Doctors Page verified successfully]]>
            </line>
            <line>
              <![CDATA[Doctor Updated successfully]]>
            </line>
          </reporter-output>
        </test-method> <!-- updating_TheDoctor_Test -->
        <test-method is-config="true" signature="configAM()[pri:0, instance:com.comcast.hsm.AdminLogin.UpdatingTheDoctorTest@35432107]" started-at="2024-06-19T07:11:46Z" name="configAM" finished-at="2024-06-19T07:11:46Z" duration-ms="213" status="PASS">
          <reporter-output>
          </reporter-output>
        </test-method> <!-- configAM -->
        <test-method is-config="true" signature="configAC()[pri:0, instance:com.comcast.hsm.AdminLogin.UpdatingTheDoctorTest@35432107]" started-at="2024-06-19T07:11:46Z" name="configAC" finished-at="2024-06-19T07:11:46Z" duration-ms="431" status="PASS">
          <reporter-output>
          </reporter-output>
        </test-method> <!-- configAC -->
      </class> <!-- com.comcast.hsm.AdminLogin.UpdatingTheDoctorTest -->
      <class name="com.comcast.hsm.integration.CreatingDoctorWithNewSpecializationTest">
        <test-method is-config="true" signature="configBC()[pri:0, instance:com.comcast.hsm.integration.CreatingDoctorWithNewSpecializationTest@265adfad]" started-at="2024-06-19T07:12:04Z" name="configBC" finished-at="2024-06-19T07:12:04Z" duration-ms="914" status="PASS">
          <reporter-output>
          </reporter-output>
        </test-method> <!-- configBC -->
        <test-method is-config="true" signature="configBM()[pri:0, instance:com.comcast.hsm.integration.CreatingDoctorWithNewSpecializationTest@265adfad]" started-at="2024-06-19T07:12:04Z" name="configBM" finished-at="2024-06-19T07:12:06Z" duration-ms="1175" status="PASS">
          <reporter-output>
          </reporter-output>
        </test-method> <!-- configBM -->
        <test-method signature="creating_Dcotor_With_New_Specialization_Test()[pri:0, instance:com.comcast.hsm.integration.CreatingDoctorWithNewSpecializationTest@265adfad]" started-at="2024-06-19T07:12:06Z" name="creating_Dcotor_With_New_Specialization_Test" finished-at="2024-06-19T07:12:08Z" duration-ms="2415" status="PASS">
          <reporter-output>
            <line>
              <![CDATA[admin dashboard verified successfully]]>
            </line>
            <line>
              <![CDATA[Add Doctor specialization Page  verified successfully]]>
            </line>
            <line>
              <![CDATA[Doctor Specialization added successfully]]>
            </line>
            <line>
              <![CDATA[ Add Doctor Page Verified successfully]]>
            </line>
            <line>
              <![CDATA[Doctor added successfully]]>
            </line>
          </reporter-output>
        </test-method> <!-- creating_Dcotor_With_New_Specialization_Test -->
        <test-method is-config="true" signature="configAM()[pri:0, instance:com.comcast.hsm.integration.CreatingDoctorWithNewSpecializationTest@265adfad]" started-at="2024-06-19T07:12:08Z" name="configAM" finished-at="2024-06-19T07:12:09Z" duration-ms="636" status="PASS">
          <reporter-output>
          </reporter-output>
        </test-method> <!-- configAM -->
        <test-method is-config="true" signature="configAC()[pri:0, instance:com.comcast.hsm.integration.CreatingDoctorWithNewSpecializationTest@265adfad]" started-at="2024-06-19T07:12:09Z" name="configAC" finished-at="2024-06-19T07:12:09Z" duration-ms="379" status="PASS">
          <reporter-output>
          </reporter-output>
        </test-method> <!-- configAC -->
      </class> <!-- com.comcast.hsm.integration.CreatingDoctorWithNewSpecializationTest -->
    </test> <!-- Batch_Execution -->
  </suite> <!-- Suite -->
</testng-results>
