<?xml version="1.0" encoding="UTF-8"?>
<testng-results ignored="0" total="1" passed="1" failed="0" skipped="0">
  <reporter-output>
    <line>
      <![CDATA[USER | DASHBOARD is displayed]]>
    </line>
    <line>
      <![CDATA[USER | BOOK APPOINTMENT]]>
    </line>
  </reporter-output>
  <suite started-at="2024-06-18T05:18:23Z" name="Default suite" finished-at="2024-06-18T05:18:38Z" duration-ms="14947">
    <groups>
    </groups>
    <test started-at="2024-06-18T05:18:23Z" name="Default test" finished-at="2024-06-18T05:18:38Z" duration-ms="14947">
      <class name="com.providence.hms.AdminTest.MakeUsertoPatientTest">
        <test-method is-config="true" signature="configBS()[pri:0, instance:com.providence.hms.AdminTest.MakeUsertoPatientTest@7b4c50bc]" started-at="2024-06-18T05:18:23Z" name="configBS" finished-at="2024-06-18T05:18:23Z" duration-ms="79" status="PASS">
          <reporter-output>
          </reporter-output>
        </test-method> <!-- configBS -->
        <test-method is-config="true" signature="configBC()[pri:0, instance:com.providence.hms.AdminTest.MakeUsertoPatientTest@7b4c50bc]" started-at="2024-06-18T05:18:23Z" name="configBC" finished-at="2024-06-18T05:18:26Z" duration-ms="2582" status="PASS">
          <reporter-output>
          </reporter-output>
        </test-method> <!-- configBC -->
        <test-method is-config="true" signature="configBM()[pri:0, instance:com.providence.hms.AdminTest.MakeUsertoPatientTest@7b4c50bc]" started-at="2024-06-18T05:18:26Z" name="configBM" finished-at="2024-06-18T05:18:29Z" duration-ms="3286" status="PASS">
          <reporter-output>
          </reporter-output>
        </test-method> <!-- configBM -->
        <test-method signature="makeUserToPatient()[pri:0, instance:com.providence.hms.AdminTest.MakeUsertoPatientTest@7b4c50bc]" started-at="2024-06-18T05:18:29Z" name="makeUserToPatient" finished-at="2024-06-18T05:18:37Z" duration-ms="8206" status="PASS">
          <reporter-output>
            <line>
              <![CDATA[USER | DASHBOARD is displayed]]>
            </line>
            <line>
              <![CDATA[USER | BOOK APPOINTMENT]]>
            </line>
          </reporter-output>
        </test-method> <!-- makeUserToPatient -->
        <test-method is-config="true" signature="configAM()[pri:0, instance:com.providence.hms.AdminTest.MakeUsertoPatientTest@7b4c50bc]" started-at="2024-06-18T05:18:37Z" name="configAM" finished-at="2024-06-18T05:18:38Z" duration-ms="406" status="PASS">
          <reporter-output>
          </reporter-output>
        </test-method> <!-- configAM -->
        <test-method is-config="true" signature="configAC()[pri:0, instance:com.providence.hms.AdminTest.MakeUsertoPatientTest@7b4c50bc]" started-at="2024-06-18T05:18:38Z" name="configAC" finished-at="2024-06-18T05:18:38Z" duration-ms="435" status="PASS">
          <reporter-output>
          </reporter-output>
        </test-method> <!-- configAC -->
        <test-method is-config="true" signature="configAS()[pri:0, instance:com.providence.hms.AdminTest.MakeUsertoPatientTest@7b4c50bc]" started-at="2024-06-18T05:18:38Z" name="configAS" finished-at="2024-06-18T05:18:38Z" duration-ms="1" status="PASS">
          <reporter-output>
          </reporter-output>
        </test-method> <!-- configAS -->
      </class> <!-- com.providence.hms.AdminTest.MakeUsertoPatientTest -->
    </test> <!-- Default test -->
  </suite> <!-- Default suite -->
</testng-results>
