<?xml version="1.0" encoding="UTF-8"?>
<!-- Generated by org.testng.reporters.JUnitXMLReporter -->
<testsuite ignored="8" hostname="mattibharath" failures="0" tests="5" name="Batch_Execution" time="32.782" errors="0" timestamp="19 Jun 2024 07:12:09 GMT">
  <testcase classname="com.comcast.hsm.AdminLogin.CreatingNewDoctorTest" name="creatinga_NewDcotor_Test" time="2.342"/>
  <testcase classname="com.comcast.hsm.AdminLogin.UpdatingTheDoctorTest" name="updating_TheDoctor_Test" time="1.066"/>
  <testcase classname="com.comcast.hsm.integration.CreatingDcotorWithRespectToPatientAndAdminTest" name="creating_Dcotor_WithRespectTo_Patient_And_AdminTest" time="6.661"/>
  <testcase classname="com.comcast.hsm.integration.CreatingSplWithPatientTest" name="creating_Spl_Withrespect_To_Patient_Test" time="5.02"/>
  <testcase classname="com.comcast.hsm.integration.CreatingDoctorWithNewSpecializationTest" name="creating_Dcotor_With_New_Specialization_Test" time="2.415"/>
  <testcase classname="com.comcast.crm.generic.basetest.BaseClass" name="@BeforeSuite configBS" time="0.0">
    <ignored/>
  </testcase> <!-- @BeforeSuite configBS -->
  <testcase classname="com.comcast.crm.generic.basetest.BaseClass" name="@BeforeSuite configBS" time="0.0">
    <ignored/>
  </testcase> <!-- @BeforeSuite configBS -->
  <testcase classname="com.comcast.crm.generic.basetest.BaseClass" name="@BeforeSuite configBS" time="0.0">
    <ignored/>
  </testcase> <!-- @BeforeSuite configBS -->
  <testcase classname="com.comcast.crm.generic.basetest.BaseClass" name="@BeforeSuite configBS" time="0.0">
    <ignored/>
  </testcase> <!-- @BeforeSuite configBS -->
  <testcase classname="com.comcast.crm.generic.basetest.BaseClass" name="@AfterSuite configAS" time="0.0">
    <ignored/>
  </testcase> <!-- @AfterSuite configAS -->
  <testcase classname="com.comcast.crm.generic.basetest.BaseClass" name="@AfterSuite configAS" time="0.0">
    <ignored/>
  </testcase> <!-- @AfterSuite configAS -->
  <testcase classname="com.comcast.crm.generic.basetest.BaseClass" name="@AfterSuite configAS" time="0.0">
    <ignored/>
  </testcase> <!-- @AfterSuite configAS -->
  <testcase classname="com.comcast.crm.generic.basetest.BaseClass" name="@AfterSuite configAS" time="0.0">
    <ignored/>
  </testcase> <!-- @AfterSuite configAS -->
</testsuite> <!-- Batch_Execution -->
