<?xml version="1.0" encoding="UTF-8"?>
<!-- Generated by org.testng.reporters.JUnitXMLReporter -->
<testsuite ignored="8" hostname="Theertha" failures="0" tests="5" name="Test" time="34.883" errors="0" timestamp="19 Jun 2024 07:28:31 GMT">
  <testcase classname="com.Hospital.HMS.DoctorTest.NavigateFromDrToAdmin" name="VerifyPatientDetailsReflectingInAdmin" time="2.618"/>
  <testcase classname="com.Hospital.HMS.DoctorTest.AddMedicalHistory" name="VerifyDrAbleToAddMedicalHistory" time="2.009"/>
  <testcase classname="com.Hospital.HMS.DoctorTest.UpdatePatientDetails" name="UVerifyDrAbleToUpdate" time="1.51"/>
  <testcase classname="com.Hospital.HMS.DoctorTest.SearchPatient" name="search" time="0.404"/>
  <testcase classname="com.Hospital.HMS.DoctorTest.Createpatients" name="VerifyDrAbleToCreatePatinet" time="0.78"/>
  <testcase classname="com.comcast.crm.generic.basetest.BaseClass" name="@BeforeSuite configBS" time="0.0">
    <ignored/>
  </testcase> <!-- @BeforeSuite configBS -->
  <testcase classname="com.comcast.crm.generic.basetest.BaseClass" name="@BeforeSuite configBS" time="0.0">
    <ignored/>
  </testcase> <!-- @BeforeSuite configBS -->
  <testcase classname="com.comcast.crm.generic.basetest.BaseClass" name="@BeforeSuite configBS" time="0.0">
    <ignored/>
  </testcase> <!-- @BeforeSuite configBS -->
  <testcase classname="com.comcast.crm.generic.basetest.BaseClass" name="@BeforeSuite configBS" time="0.0">
    <ignored/>
  </testcase> <!-- @BeforeSuite configBS -->
  <testcase classname="com.comcast.crm.generic.basetest.BaseClass" name="@AfterSuite configAS" time="0.0">
    <ignored/>
  </testcase> <!-- @AfterSuite configAS -->
  <testcase classname="com.comcast.crm.generic.basetest.BaseClass" name="@AfterSuite configAS" time="0.0">
    <ignored/>
  </testcase> <!-- @AfterSuite configAS -->
  <testcase classname="com.comcast.crm.generic.basetest.BaseClass" name="@AfterSuite configAS" time="0.0">
    <ignored/>
  </testcase> <!-- @AfterSuite configAS -->
  <testcase classname="com.comcast.crm.generic.basetest.BaseClass" name="@AfterSuite configAS" time="0.0">
    <ignored/>
  </testcase> <!-- @AfterSuite configAS -->
</testsuite> <!-- Test -->
